20250304	21:38:44	6c24507b-453d-4bdc-bf0b-0c6945cb6136	GET	/some-invalid-route	undefined
20250304	21:39:54	760115aa-b36b-45bc-a352-ab26d4c235ff	GET	/	undefined
20250304	21:48:09	631cef27-8293-4ad4-8ecc-9378bfb57b6f	GET	/	undefined
20250304	21:48:13	91f54cb4-3a0a-46ee-85b3-f16eb8e84586	GET	/some-invalid-route	undefined
20250304	22:02:37	95ac8958-04a8-43d8-9354-9824798b46c0	POST	/register	undefined
20250304	22:03:21	70677fb8-3f04-408d-bf79-916748d59055	POST	/register	undefined
20250304	22:04:34	0132c81c-b9bc-4b12-9acf-dc2bd13bb800	GET	/auth	undefined
20250304	22:05:30	312f2484-56b5-4739-b26c-f642d1693455	GET	/auth	undefined
20250304	22:06:03	ef94e7e0-73c7-4e2d-a1c6-9e8d4dc24313	GET	/auth	undefined
20250304	22:06:41	4da7f788-cbd1-46c4-87a2-b91193bc7eff	POST	/auth	undefined
20250304	22:08:55	2f0a2722-1320-41d8-81eb-c9bf202f285c	GET	/auth	undefined
20250304	22:09:28	4082a347-bccd-4dc2-8eaa-1fe53c63ff15	POST	/auth	undefined
20250304	22:10:05	59172714-78c0-458d-92c5-0be09c076fd2	POST	/auth	undefined
20250304	22:16:52	a14a9520-bdb9-4fae-b3b1-7743c62edb88	POST	/auth	undefined
20250304	22:17:59	0ce7d0b9-b96c-45b1-9657-a4d1f1bd5d03	GET	/logout	undefined
20250304	22:19:22	28ec0b2b-86c1-469c-8463-f305b8841899	POST	/auth	undefined
20250304	22:19:33	32564280-1956-428e-9e29-850666adf2a5	GET	/logout	undefined
20250304	22:23:12	ffc4457d-88f9-4214-b9d4-02a19778fb63	GET	/logout	undefined
20250304	22:23:21	65185ad4-b871-4ff3-a8cc-ec934482cbc5	GET	/logout	undefined
20250304	22:24:18	ad0713e6-b2d3-4c08-b133-0a8fb3754552	GET	/logout	undefined
20250304	23:05:27	67df257a-e090-4440-b0a9-47dab0d6b478	POST	/api/departments	undefined
20250304	23:05:34	6ccad269-bbc8-4317-95bc-b9c88229d93f	POST	/auth	undefined
20250304	23:05:48	f0f56a46-1a55-4fb5-b01d-1c6ace4dba9d	POST	/api/departments	undefined
20250304	23:12:04	f2c0a37b-ff6c-4617-b2e7-6699f91aaf67	POST	/api/departments	undefined
20250304	23:12:21	9c17a987-c687-42c9-a3ec-b49c9fcb45ff	POST	/auth	undefined
20250304	23:12:40	dbbd95cd-3aea-4cfd-9edf-ccfce5cf6571	POST	/api/departments	undefined
20250304	23:12:56	f50b40b4-c4ee-4b2b-bb18-17d7053c4626	POST	/api/departments	undefined
20250304	23:13:00	74c6a7c1-ad24-481f-be9b-b305284c0a21	POST	/auth	undefined
20250304	23:13:26	36c7cb8d-743f-4018-98d1-4c4e3cf0e31e	POST	/api/departments	undefined
20250304	23:14:12	9f1c3609-efd3-4cb1-8cd4-c5806b5f337f	GET	/api/departments	undefined
20250304	23:14:24	cf8f0732-efa9-45ce-8efd-8764be18de3d	GET	/api/departments	undefined
20250304	23:15:09	c2bf9b22-6673-4e33-92b9-76029e7dc3c6	GET	/api/departments/67c73b900d80010574dee14e	undefined
20250304	23:15:22	e4ac97cb-6c9a-442c-822e-50008407d313	GET	/api/departments/67c73b900d80010574dee14e	undefined
20250304	23:16:20	fb2ce0ae-dc0d-43ab-9ad8-83eee17e38aa	PUT	/api/departments/67c73b900d80010574dee14e	undefined
20250304	23:17:01	136ad036-73e0-4254-a5f5-7d91a0aae09e	DELETE	/api/departments/67c73b900d80010574dee14e	undefined
20250304	23:17:52	30f9d2bf-cf10-43b8-8882-77939ff6064a	GET	/api/departments	undefined
20250304	23:19:08	3509beb0-19f6-4ef4-a97d-76ea2fe2162b	GET	/api/employees	undefined
20250304	23:39:20	fc1c94b5-b241-4411-9dc5-619a9adcc1c6	GET	/api/employees	undefined
20250304	23:39:28	38d50fd7-4195-4b23-900e-d1929f1becba	POST	/api/employees	undefined
20250304	23:39:44	c2f9617e-ff95-43d5-b4d7-f40f0b8bad97	POST	/api/employees	undefined
20250304	23:39:59	d4e6d529-d248-4529-a647-0e7137c84d20	GET	/api/employees	undefined
20250304	23:41:13	9137d8cc-3444-4f84-81dd-3d159afa6ca6	GET	/api/employees/search?query=name	undefined
20250304	23:41:17	7cbbbc72-4ee9-4efd-88ca-ee08f9aed56f	GET	/api/employees/search?query=na	undefined
20250304	23:41:20	e9e8d0c8-1456-4ae2-9ae2-7de1353cf1b8	GET	/api/employees/search?query=mm	undefined
20250304	23:41:25	8db8babf-e730-4359-9513-85485e29ef83	GET	/api/employees/search?query=name	undefined
20250304	23:42:18	6c26d10e-2731-431d-a749-ef52488e2e55	GET	/api/employees/67c741e8be2acd8d165e24a9	undefined
20250304	23:42:26	d11eede3-c263-40cc-b133-3e2dcc3b9356	PUT	/api/employees/67c741e8be2acd8d165e24a9	undefined
20250304	23:42:36	ae4b7786-8202-4e6b-93b3-6df568141800	POST	/api/employees	undefined
20250304	23:42:42	7b868a24-b398-4d4b-9fda-971e051f5190	GET	/api/employees	undefined
20250304	23:43:09	b29ecad6-f71f-475e-bac5-00428be77ffc	DELETE	/api/employees/67c741e8be2acd8d165e24a9	undefined
20250304	23:44:34	f6dcecce-3295-4b9d-9fdb-f0749ad0c522	GET	/api/employees/logs	undefined
20250304	23:47:31	3ed2241b-e8fd-491c-a1a1-f9adc7878780	POST	/api/employees	undefined
20250304	23:49:43	35b8af3f-72df-4657-9f28-3d5a13b2e40b	POST	/api/employees	undefined
20250304	23:56:10	b572c900-05a3-475d-89c0-5c668bc6952d	POST	/api/employees	undefined
20250304	23:56:49	ef68ee57-fe9b-4de4-bd9f-a3c338259d5e	POST	/api/employees	undefined
20250304	23:57:02	8321577b-d18c-4853-925c-e43ac4a06e15	GET	/api/employees/search?query=name	undefined
20250304	23:57:15	7f334983-f01b-436e-be72-aab343d29530	GET	/api/employees	undefined
20250305	00:47:04	fcc9bff3-dc77-4a27-8dbe-4bced3a50ad4	GET	/api/employees	undefined
20250305	00:47:16	d261d5d2-0488-47cd-97dc-cd81288c0c81	DELETE	/api/employees/67c74294be2acd8d165e24b9	undefined
20250305	00:47:27	e410c6bb-7740-45b0-9b7e-7c6a2f0456ea	DELETE	/api/employees/67c745c2be2acd8d165e24c4	undefined
20250305	00:47:38	72b3d389-e8c0-4b8a-9bc2-657fe986421c	DELETE	/api/employees/67c745e9be2acd8d165e24c7	undefined
20250305	00:47:42	4ce2e5d1-a2c7-4751-b23e-57b59b03c7e9	GET	/api/employees	undefined
20250305	00:48:09	647544bd-5ea4-4b69-96f7-c92734b0bba7	POST	/api/employees	undefined
20250305	00:48:20	e9c43f3d-0747-4ba2-ac4d-f20807978c09	GET	/api/departments	undefined
20250305	00:48:31	681ad748-70ce-493d-81f9-90dc3346d4ab	POST	/api/employees	undefined
20250305	00:49:00	99bb9a9a-fe48-4124-9ed1-a241560558e0	POST	/api/employees	undefined
20250305	00:49:09	e907d854-837c-4974-a35e-2c9eca1aad4f	POST	/api/employees	undefined
20250305	00:50:01	6dc861ca-01b3-4e47-9fbd-8dba23d672bd	POST	/api/employees	undefined
20250305	12:44:31	b08a248b-bbb5-4a87-9d23-550c98bcb7d7	POST	/auth	undefined
20250305	12:44:50	ff9b197d-cf1d-4281-b48a-00b784059fb9	GET	/api/employees	undefined
20250305	12:45:12	e039a6d2-dde2-4e2c-bd4a-2b3c33c9cabe	GET	/api/employees	undefined
20250305	12:45:17	f7ea2b15-a3cf-4cbe-9973-19fea3bc8771	POST	/auth	undefined
20250305	12:45:33	87cdaffc-0b65-4818-9e61-b33c74449ece	GET	/api/employees	undefined
20250305	12:45:38	399c733d-0392-4f4d-9761-49a2079d29c5	GET	/api/employees	undefined
20250306	01:34:38	317fb7bd-99d9-4098-b67d-bc2a6594a0ca	OPTIONS	/auth	http://localhost:4200
20250306	01:35:45	9f1e52ee-e9a2-41c1-b73c-c5a54d5a791f	OPTIONS	/auth	http://localhost:4200
20250306	01:37:25	ae40da2a-d385-4f2f-b612-5aa20f7245b8	OPTIONS	/auth	http://localhost:4200
20250306	01:39:15	b8e33c1c-c3d4-4c4a-8627-7207eb46da79	OPTIONS	/auth	http://localhost:4200
20250306	01:39:15	6fc527fc-a1c6-4cc6-85ae-36f020e727ff	POST	/auth	http://localhost:4200
20250306	01:48:24	f0518e20-b1b7-468e-9f1c-83a9e18239b3	OPTIONS	/auth	http://localhost:4200
20250306	01:48:24	ca641ac7-0960-4b6f-9fa0-93ed53ba65e1	POST	/auth	http://localhost:4200
20250306	01:48:43	e2219525-c88f-4cbb-a04d-75724d12f1a5	OPTIONS	/auth	http://localhost:4200
20250306	01:48:43	4b95c72a-910d-4497-a798-20dfc6dc5018	POST	/auth	http://localhost:4200
20250306	01:48:52	d66f17cd-fa08-444c-b7c2-2c850d7c09a0	OPTIONS	/auth	http://localhost:4200
20250306	01:48:52	7ac76cf7-ecea-4ddc-bab8-5e347659f81f	POST	/auth	http://localhost:4200
20250306	02:06:49	3979b1d1-8b2e-47e6-a682-403b0b8cfea5	OPTIONS	/auth	http://localhost:4200
20250306	02:06:49	ffcc71d3-76bc-4d70-8d70-0f9886cae44a	POST	/auth	http://localhost:4200
20250306	02:07:54	63f69f9d-7050-4548-8219-f486466dfa4f	OPTIONS	/auth	http://localhost:4200
20250306	02:07:54	5dd32ea1-86b0-4056-a16d-bcb4da68fba6	POST	/auth	http://localhost:4200
20250306	02:10:10	f37f5e9f-2224-44e7-890e-630e608b110b	GET	/api/employees	undefined
20250306	02:10:20	961d0496-ba14-49ac-a5ba-27a1c8c9f208	POST	/register	undefined
20250306	02:10:31	50c36fc3-8a83-41d5-b2b3-e31715939c4e	POST	/auth	undefined
20250306	02:10:45	7042b634-aef6-46d3-a188-f613d090f514	GET	/api/employees	undefined
20250306	02:15:16	d08199fe-129b-4461-b03e-96b781888fb8	GET	/api/employees	http://localhost:4200
20250306	02:15:44	8a0f8969-1b80-4a19-8732-2abd6543be26	GET	/api/employees	http://localhost:4200
20250306	02:17:30	a0233efe-97a2-4f32-bf52-09bc353c6820	OPTIONS	/api/employees	http://localhost:4200
20250306	02:17:30	3cb98a9b-80b2-4530-804f-50034bddec6f	GET	/api/employees	http://localhost:4200
20250306	02:17:43	e1befd3f-5fa0-4a58-971c-2a7addb75ada	OPTIONS	/api/employees	http://localhost:4200
20250306	02:17:43	093ca2e4-afc0-4244-8326-5225fee7ef15	GET	/api/employees	http://localhost:4200
20250306	02:18:04	ee447a3a-371d-49e1-8fab-1923eab3eb00	GET	/api/employees	undefined
20250306	02:18:22	8a9a2179-f898-4ec1-b56f-ee084c870cf4	OPTIONS	/auth	http://localhost:4200
20250306	02:18:22	019b1b49-9a11-4e1a-a6cb-3bd924e4083d	POST	/auth	http://localhost:4200
20250306	02:18:26	d69a14a3-7a34-486c-b50c-34793983f3d3	OPTIONS	/api/employees	http://localhost:4200
20250306	02:18:26	eec8588a-474c-424c-bef3-5368a914d123	GET	/api/employees	http://localhost:4200
20250306	02:19:11	dc95cb01-f98f-4fc1-ad2c-6928751eec92	OPTIONS	/api/employees	http://localhost:4200
20250306	02:19:11	39078fc7-6d03-4ef5-b463-e934b78ab9b3	GET	/api/employees	http://localhost:4200
20250306	02:20:22	af6b3e7d-d600-46a7-bba7-abf85eb39078	OPTIONS	/api/employees	http://localhost:4200
20250306	02:20:22	47414012-39a7-4391-9cd7-71a87ce6af97	GET	/api/employees	http://localhost:4200
20250306	02:20:55	c5d72159-a12e-4497-816c-40d6615eea39	OPTIONS	/api/employees	http://localhost:4200
20250306	02:20:55	e124a3e4-4428-4b4a-a084-ed1612581842	GET	/api/employees	http://localhost:4200
20250306	02:20:57	2712d0d7-fd4b-4950-b826-34436cc3d14b	GET	/api/employees	http://localhost:4200
20250306	02:21:35	0477ca87-9aeb-4f34-a43e-5022d0f46e00	OPTIONS	/api/employees	http://localhost:4200
20250306	02:21:35	17016997-84dd-4d74-90e1-c087f224165c	GET	/api/employees	http://localhost:4200
20250306	02:21:45	8b19855c-8889-463d-a466-4ee3c1576717	OPTIONS	/auth	http://localhost:4200
20250306	02:21:45	6a041729-e752-436a-99e5-37d3d0857db6	POST	/auth	http://localhost:4200
20250306	02:22:20	43665419-cde2-423a-85be-c2d336239a7b	OPTIONS	/api/employees	http://localhost:4200
20250306	02:22:20	82213884-b763-48c3-bc90-873cfddf4b0f	GET	/api/employees	http://localhost:4200
20250306	02:23:33	197edba8-48e5-4852-9684-c5afae4c59b1	OPTIONS	/api/employees	http://localhost:4200
20250306	02:23:33	6c12d13e-d9dc-47ef-8f04-91038805b8b0	GET	/api/employees	http://localhost:4200
20250306	02:23:50	9e0cf112-a0cc-425e-829e-fa40f49ad3f0	OPTIONS	/api/employees	http://localhost:4200
20250306	02:23:50	c736c8e9-c387-406b-b503-e6384528e669	GET	/api/employees	http://localhost:4200
20250306	02:23:56	3eef563e-5210-4eac-b7e8-8236e6975273	OPTIONS	/api/employees	http://localhost:4200
20250306	02:23:56	a39c87f6-9f6d-4f66-8685-e6d46597e16a	GET	/api/employees	http://localhost:4200
20250306	02:24:57	46fb0fff-e8b8-4574-a06a-afdcbc02a563	OPTIONS	/auth	http://localhost:4200
20250306	02:24:57	2ff53025-f222-4021-a3ae-787d9b28a17d	POST	/auth	http://localhost:4200
20250306	02:25:07	d728b577-46cc-431d-8a7c-1d3a734b0fbc	OPTIONS	/api/employees	http://localhost:4200
20250306	02:25:07	476ea5bd-3ad5-4237-9fb4-dcde42e80fb9	GET	/api/employees	http://localhost:4200
20250306	02:25:29	e2aa2f1a-6c4f-4c1f-875d-0c7192bc3e25	OPTIONS	/api/employees/search?query=ggg	http://localhost:4200
20250306	02:25:29	48b22211-4ca4-4669-85ee-19c6e7b4c956	GET	/api/employees/search?query=ggg	http://localhost:4200
20250306	02:25:37	857a2dbf-cfbe-4465-b403-8c907d94026c	OPTIONS	/api/employees	http://localhost:4200
20250306	02:25:37	c3e6789b-a1cf-4d4b-9b85-933f1af65201	GET	/api/employees	http://localhost:4200
20250306	02:25:54	54f4e1ab-8ae3-44fe-bf17-10b13ceda4da	OPTIONS	/api/employees	http://localhost:4200
20250306	02:25:55	26eaa01c-5f7e-4332-84f9-4f118eb21428	GET	/api/employees	http://localhost:4200
20250306	02:26:10	a611d310-3d62-417d-b9cc-96867ddffcfb	OPTIONS	/api/employees	http://localhost:4200
20250306	02:26:10	5903145f-a594-43db-abd8-c4e29e943366	GET	/api/employees	http://localhost:4200
20250306	02:26:20	b56b47c2-7706-4631-b511-e55b6d9a2769	OPTIONS	/api/employees	http://localhost:4200
20250306	02:26:20	958f47ee-7999-43ad-ad58-1e3d5fce782c	GET	/api/employees	http://localhost:4200
20250306	02:46:03	5c1a9d36-3d44-47e1-83f3-d870ec2f16e6	OPTIONS	/api/employees	http://localhost:4200
20250306	02:46:03	47c5d2f9-b246-4bb9-aa69-8df61db036fe	GET	/api/employees	http://localhost:4200
20250306	02:46:21	4b26763d-0339-4dfe-8504-01e1f7e521c4	OPTIONS	/auth	http://localhost:4200
20250306	02:46:21	c3edfbc6-07ee-451a-8c35-009a81f2ee0c	POST	/auth	http://localhost:4200
20250306	02:46:25	d184a5e3-0b79-491b-ad79-ad5de17eab5e	OPTIONS	/api/employees	http://localhost:4200
20250306	02:46:25	9bd9486f-18ce-4904-bcb0-1b4647a5251e	GET	/api/employees	http://localhost:4200
20250306	02:48:23	5456f9d3-d68e-4cdf-81af-b7cf24226763	OPTIONS	/api/employees/67c75261a65ce1fc0997f5cc	http://localhost:4200
20250306	02:48:23	74778c4d-a150-4198-a0ac-f622eb38a6aa	PUT	/api/employees/67c75261a65ce1fc0997f5cc	http://localhost:4200
20250306	02:48:23	c0f1bcd4-84d3-40ab-9cf7-45e3411aaace	OPTIONS	/api/employees	http://localhost:4200
20250306	02:48:23	0cb2df45-ba18-40e0-83b8-97ba3a8c5b16	GET	/api/employees	http://localhost:4200
20250306	02:49:54	57555912-a937-45c8-9fea-2ba0df9f5778	GET	/api/departments	undefined
20250306	02:50:07	3f6f3088-e073-4c41-bc7c-5d5a09d46f25	GET	/api/departments	undefined
20250306	02:50:15	661f46db-3157-4b64-8e7c-824f42e0dea6	POST	/auth	undefined
20250306	02:50:23	eaa02a77-aa39-4fde-a012-a5feab170a66	GET	/api/departments	undefined
20250306	02:54:49	a7287df1-c80c-4889-b754-57a35c2bfe60	OPTIONS	/api/employees	http://localhost:4200
20250306	02:54:49	4c2fb99c-ea2b-4657-a301-f1298e1b5260	GET	/api/employees	http://localhost:4200
20250306	02:55:21	08a8e38e-2c24-48df-9a73-575fa4adb936	OPTIONS	/api/departments	http://localhost:4200
20250306	02:55:21	c842eb25-359d-4a5a-a51f-384c9455d2d8	GET	/api/departments	http://localhost:4200
20250306	02:55:28	d39f6ff3-1b8d-4dae-b47f-f0295c58f4bc	OPTIONS	/api/employees/67c75261a65ce1fc0997f5cc	http://localhost:4200
20250306	02:55:28	a6a93645-00ff-4e17-bab6-7cf97cc0ff37	PUT	/api/employees/67c75261a65ce1fc0997f5cc	http://localhost:4200
20250306	02:55:29	a5c373dd-9eee-4a21-ac38-a1a4e2254c78	OPTIONS	/api/employees	http://localhost:4200
20250306	02:55:29	a22b02eb-cdb9-487c-8a70-c6b28a97524d	GET	/api/employees	http://localhost:4200
20250306	02:55:31	c82fab5d-2ad3-4ce6-9efb-4fd5ffba3bf3	OPTIONS	/api/departments	http://localhost:4200
20250306	02:55:31	cbc2bbe2-9e0e-40fa-9b2c-fdfab4af8f1a	GET	/api/departments	http://localhost:4200
20250306	02:55:35	65aa782d-59bf-40ec-8bc8-55ca52ec31b5	OPTIONS	/api/employees/67c75261a65ce1fc0997f5cc	http://localhost:4200
20250306	02:55:35	f7ac737e-e110-40de-9c30-e9d10aaade84	PUT	/api/employees/67c75261a65ce1fc0997f5cc	http://localhost:4200
20250306	02:55:35	7dcfdeaa-e760-4d3b-9be4-55802613d4a0	OPTIONS	/api/employees	http://localhost:4200
20250306	02:55:35	b9da85e7-215a-4390-a1f8-ff77e3ec0363	GET	/api/employees	http://localhost:4200
20250306	02:55:36	705d4be2-19e9-49f9-81ee-9d0f930cca16	OPTIONS	/api/departments	http://localhost:4200
20250306	02:55:36	95784841-7fb4-4843-9c64-40b42c1d7ed7	GET	/api/departments	http://localhost:4200
20250306	02:55:45	a11c608e-604a-4af9-9224-6e1d66be8804	OPTIONS	/api/departments	http://localhost:4200
20250306	02:55:45	cc2bf0a4-72d1-41d4-afa1-06f580e16d83	GET	/api/departments	http://localhost:4200
20250306	02:55:48	acd9cb9a-cce0-4cc4-85b5-0bbb5cba0c1d	GET	/api/departments	http://localhost:4200
20250306	02:55:54	004caac9-29f6-4b73-9651-6b5ac8845c27	OPTIONS	/api/departments	http://localhost:4200
20250306	02:55:54	82e2102a-f74a-4cf6-94e6-0ac26cc26717	GET	/api/departments	http://localhost:4200
20250306	02:55:57	03a1a208-5de3-4bc6-a040-2a26a22c2e51	GET	/api/departments	http://localhost:4200
20250306	02:56:00	71fc6e40-cc74-4a6b-8e4c-3fd02999edfb	OPTIONS	/api/departments	http://localhost:4200
20250306	02:56:00	74187865-e93c-41ab-ac05-852a3581f1f6	GET	/api/departments	http://localhost:4200
20250306	02:56:03	6c56060d-0e61-42a5-95be-622eaf986969	OPTIONS	/api/employees/67c75261a65ce1fc0997f5cc	http://localhost:4200
20250306	02:56:03	0562e676-76d7-4e01-ad33-1365e0b0c97a	DELETE	/api/employees/67c75261a65ce1fc0997f5cc	http://localhost:4200
20250306	02:56:15	35800c04-b226-4425-a3b6-f0203823864b	OPTIONS	/api/employees	http://localhost:4200
20250306	02:56:15	bb3de2c3-0e5a-41b4-819a-546ee6ab7092	GET	/api/employees	http://localhost:4200
20250306	02:56:20	1f8eb23d-91ce-4b7b-8e1c-c8141a7f79ca	OPTIONS	/api/departments	http://localhost:4200
20250306	02:56:20	dcaf4e85-8801-4606-aec5-09bf6bef2fbc	GET	/api/departments	http://localhost:4200
20250306	02:56:29	d3fbb1df-eb2d-4bc0-95c6-783e370fdb78	OPTIONS	/api/employees	http://localhost:4200
20250306	02:56:29	a113575e-d14d-49ba-81e2-b8c88dbceb17	POST	/api/employees	http://localhost:4200
20250306	02:56:30	4261c070-24bc-435e-8b59-5e411bb191cd	GET	/api/employees	http://localhost:4200
20250306	02:56:31	3a4c895c-d2f9-4e5d-b0ee-f6b73d8530e6	OPTIONS	/api/departments	http://localhost:4200
20250306	02:56:31	53ce4a35-b147-4d12-95b5-9d81113ae00f	GET	/api/departments	http://localhost:4200
20250306	02:56:38	314487f0-7afc-43f2-96f4-a07062436273	OPTIONS	/api/employees	http://localhost:4200
20250306	02:56:38	4e4a7fc0-7843-42e1-8d7c-6846e72efdf6	POST	/api/employees	http://localhost:4200
20250306	02:56:38	14b1a836-bed9-4ece-9321-985a26318afa	GET	/api/employees	http://localhost:4200
20250306	02:56:41	2a00a60b-cbe3-4e15-9f83-e926a1427731	OPTIONS	/api/departments	http://localhost:4200
20250306	02:56:41	fd45b98f-591c-422d-a57f-db676e89c837	GET	/api/departments	http://localhost:4200
20250306	02:56:44	0198fa2a-96e6-4703-8190-de7d89c7ef8a	OPTIONS	/api/employees/67c8c18eb14c696192edfd11	http://localhost:4200
20250306	02:56:44	a8db8261-323d-473f-9b0b-4023db88c580	DELETE	/api/employees/67c8c18eb14c696192edfd11	http://localhost:4200
20250306	02:57:01	edff79e8-e97a-4604-9088-712c6cf3502f	OPTIONS	/api/departments	http://localhost:4200
20250306	02:57:01	629e0ed4-722e-4146-905f-efaa390862d7	GET	/api/departments	http://localhost:4200
20250306	02:57:11	bd972755-67ae-4674-8d8b-972ed8f5328a	OPTIONS	/api/departments	http://localhost:4200
20250306	02:57:11	e732c920-4adc-4053-ae27-a6b6d969e9c8	GET	/api/departments	http://localhost:4200
20250306	02:57:28	82c9bf12-a62f-4b5f-bd76-4dcbdb647f82	OPTIONS	/auth	http://localhost:4200
20250306	02:57:28	9a3608cd-df8a-4c69-b9fb-2aba51b58248	POST	/auth	http://localhost:4200
20250306	02:57:31	3b951042-c914-43b6-b5e3-7381074bce04	OPTIONS	/api/employees	http://localhost:4200
20250306	02:57:31	532938b0-781d-4655-bfec-17595bae57b6	GET	/api/employees	http://localhost:4200
20250306	02:57:33	e4282d47-1783-4db9-b26f-1de48352352b	OPTIONS	/api/departments	http://localhost:4200
20250306	02:57:33	4949ef87-fcf2-4ddd-918e-aa5bbb892d38	GET	/api/departments	http://localhost:4200
20250306	02:58:19	0cd9fdb1-eabc-4894-b2d9-1376467f293b	OPTIONS	/api/employees	http://localhost:4200
20250306	02:58:19	02142f59-6ac4-4e95-aaec-461deff44c52	GET	/api/employees	http://localhost:4200
20250306	02:58:24	e6fb660d-4ade-4718-87b1-62266a016596	GET	/api/employees	http://localhost:4200
20250306	02:58:31	ab23b83c-c2d3-4a19-8927-171e414561cc	OPTIONS	/api/employees	http://localhost:4200
20250306	02:58:31	a0e2c792-d903-437a-987f-a2922d6af1ba	GET	/api/employees	http://localhost:4200
20250306	02:59:10	2497b986-4b8b-49f3-852b-79cec5e5119b	OPTIONS	/api/departments	http://localhost:4200
20250306	02:59:10	5ee580f9-7944-48a3-be3b-0d82544495a3	GET	/api/departments	http://localhost:4200
20250306	02:59:58	c5f76122-909a-4d3f-8603-fe30151d9540	OPTIONS	/api/employees	http://localhost:4200
20250306	02:59:58	cd20c6bc-63d1-412f-8d4d-76bdb2fa91fd	GET	/api/employees	http://localhost:4200
20250306	03:00:01	b470937c-17c3-4da1-a12e-e10c4c1b60a2	GET	/api/employees	http://localhost:4200
20250306	03:00:07	cafef42a-cc93-4ea9-b68d-0971dddc5ab2	OPTIONS	/api/employees	http://localhost:4200
20250306	03:00:07	fd2e4d64-abbe-41ca-9ee7-c7709c109c4a	GET	/api/employees	http://localhost:4200
20250306	03:00:10	8be35aea-df22-4370-b885-4cc391fa83cc	GET	/api/employees	http://localhost:4200
20250306	03:00:13	a385a3fd-c575-4aa5-b599-fb2ab373addd	OPTIONS	/api/departments	http://localhost:4200
20250306	03:00:13	f7d07cb7-63be-401c-bd60-dc09f020da67	GET	/api/departments	http://localhost:4200
20250306	03:00:33	9b2e5e4d-b272-4343-8ea7-558b942998f5	OPTIONS	/api/departments	http://localhost:4200
20250306	03:00:33	c4122dd8-0a36-415b-8621-a1bb4cfe26b7	GET	/api/departments	http://localhost:4200
20250306	03:02:04	d2707aff-e962-4750-9e21-4d82063e039c	OPTIONS	/api/departments	http://localhost:4200
20250306	03:02:04	e4c63f70-4a56-4756-9dc8-fe280dce3de4	GET	/api/departments	http://localhost:4200
20250306	03:02:15	90affb15-c85d-4b9d-aaaf-409c19c6b3aa	OPTIONS	/api/departments	http://localhost:4200
20250306	03:02:15	1256172d-38f7-4061-8884-4350bd4a9481	GET	/api/departments	http://localhost:4200
20250306	03:02:38	ffb9e21a-781b-4a63-b795-fd8127834be2	OPTIONS	/api/employees	http://localhost:4200
20250306	03:02:38	b866887a-b282-4fe5-a270-93a7ccfaf393	GET	/api/employees	http://localhost:4200
20250306	03:02:40	bae638df-5d30-49a4-bfa5-f3bb58b4c48e	OPTIONS	/api/departments	http://localhost:4200
20250306	03:02:40	8734bf02-f19e-4a1e-9b23-3fb9a6b1b9a2	GET	/api/departments	http://localhost:4200
20250306	03:04:40	ba8e8066-6213-440c-8a63-ffe3a69f5c40	OPTIONS	/api/departments	http://localhost:4200
20250306	03:04:40	68a34b27-d29f-470b-b05d-f146b3bdad76	GET	/api/departments	http://localhost:4200
20250306	03:04:49	c8ed6068-e6d7-4785-ae9e-f6a2e3ac6682	OPTIONS	/api/employees	http://localhost:4200
20250306	03:04:49	38740bca-3ae8-4b0b-aeb9-7f0523200500	POST	/api/employees	http://localhost:4200
20250306	03:04:49	6268485d-76ed-4046-a980-00d53e66297e	GET	/api/employees	http://localhost:4200
20250306	03:04:50	74e034a4-8091-4566-ab8b-aae98bc50c80	OPTIONS	/api/departments	http://localhost:4200
20250306	03:04:50	af091849-3b98-43af-aa68-704a3c314a8b	GET	/api/departments	http://localhost:4200
20250306	03:04:53	c14ab3cd-5bc3-441e-859d-be6d0862a07d	OPTIONS	/api/employees/67c8c379b14c696192edfd39	http://localhost:4200
20250306	03:04:53	52e43dd1-1e42-4e8c-a305-6a505a3a6f6e	DELETE	/api/employees/67c8c379b14c696192edfd39	http://localhost:4200
20250306	03:05:23	5fa4ba9f-daaa-4427-a930-82771116a414	OPTIONS	/api/employees	http://localhost:4200
20250306	03:05:23	9f30be3c-48ec-4767-8bc7-3f7ea1f2b1f6	GET	/api/employees	http://localhost:4200
20250306	03:05:47	940b95ec-06b9-4122-8f87-02f69473f079	OPTIONS	/api/departments	http://localhost:4200
20250306	03:05:47	5ac767e6-51d8-4532-97e4-596b22066f40	GET	/api/departments	http://localhost:4200
20250306	03:05:52	1e4ac735-af8c-4dc5-b99a-36a51388612f	OPTIONS	/api/departments	http://localhost:4200
20250306	03:05:52	496a0499-b082-4554-ba03-319f881f69c3	GET	/api/departments	http://localhost:4200
20250306	03:06:09	c02cc85f-8b93-41de-9e08-581330edb487	OPTIONS	/api/employees	http://localhost:4200
20250306	03:06:09	39b186ae-e871-4983-b3e3-5644229f6a8e	GET	/api/employees	http://localhost:4200
20250306	03:06:11	de624aca-bf89-4123-b711-b8d790d0dd01	OPTIONS	/api/departments	http://localhost:4200
20250306	03:06:11	b5b4bacb-49fb-47f7-90f7-0c3479769e8d	GET	/api/departments	http://localhost:4200
20250306	03:06:20	4bf43cb2-7f13-47ea-a9c9-fe61a318547e	OPTIONS	/api/employees	http://localhost:4200
20250306	03:06:20	154628a1-7021-42d4-a3e6-3953554f3fc4	GET	/api/employees	http://localhost:4200
20250306	03:06:22	3cbcc648-8675-442c-8781-97b680b0e252	OPTIONS	/api/departments	http://localhost:4200
20250306	03:06:22	49459e9d-a496-4fa4-9538-80a1d3f040c5	GET	/api/departments	http://localhost:4200
20250306	03:06:34	a5f5d038-6979-42c2-9a4a-d2bbb9b40925	OPTIONS	/api/employees	http://localhost:4200
20250306	03:06:34	d0e6294e-53ce-49c4-86ea-e2274753610c	GET	/api/employees	http://localhost:4200
20250306	03:06:36	2547e5e8-a80b-484c-8950-68f3409e1f84	OPTIONS	/api/departments	http://localhost:4200
20250306	03:06:36	d793ed3e-a26a-46bc-af5d-c2df94b2f844	GET	/api/departments	http://localhost:4200
20250306	03:06:45	1a601921-1491-4e5d-b3fb-260806e5f32b	OPTIONS	/api/employees	http://localhost:4200
20250306	03:06:45	a3fb4b41-37ca-47ed-b853-1ac4a4636ff2	GET	/api/employees	http://localhost:4200
20250306	03:06:46	d6110e84-7a57-4d55-b9bd-339a6cafa4ab	OPTIONS	/api/departments	http://localhost:4200
20250306	03:06:46	c9a01b9d-23da-4ef8-84bc-b8400848189c	GET	/api/departments	http://localhost:4200
20250306	03:06:57	cb4557db-5a5b-49b8-adc3-99beb1b5b3d5	OPTIONS	/api/employees	http://localhost:4200
20250306	03:06:57	3084abd2-dca3-4b52-8727-0d8c99bf5861	GET	/api/employees	http://localhost:4200
20250306	03:06:59	d3d63f40-7277-4cf2-9107-8396c167f993	OPTIONS	/api/departments	http://localhost:4200
20250306	03:06:59	9b9d8093-e562-49e0-842c-fcf263d78f8f	GET	/api/departments	http://localhost:4200
20250306	03:07:05	2c24d520-bc09-4cf4-9f9d-a34c1c89a15c	OPTIONS	/api/departments	http://localhost:4200
20250306	03:07:05	850429c0-85a7-47f2-af67-3eccf021b395	GET	/api/departments	http://localhost:4200
20250306	03:07:16	26a063bf-d005-4e71-8eee-dcdd20184cad	OPTIONS	/api/employees	http://localhost:4200
20250306	03:07:16	ba1229da-4a47-4394-8ae2-645b120f2540	POST	/api/employees	http://localhost:4200
20250306	03:07:16	e63ac0f9-f664-41a7-a52b-4a8315a0cc9e	GET	/api/employees	http://localhost:4200
20250306	03:07:19	ec7fb14f-e7bd-402a-8407-0091f360ca2d	OPTIONS	/api/departments	http://localhost:4200
20250306	03:07:19	89b44bb1-1212-492d-b3c4-46841f53dc84	GET	/api/departments	http://localhost:4200
20250306	03:07:25	6b1017f4-ad0e-4d04-b249-2b322d6f2ede	OPTIONS	/api/employees	http://localhost:4200
20250306	03:07:25	49ee4748-a27a-4043-bbd1-8c9aa59a2b3b	POST	/api/employees	http://localhost:4200
20250306	03:07:25	8c8d5280-3f21-4689-86ff-395ffe672232	GET	/api/employees	http://localhost:4200
20250306	03:07:27	a0ee2dcf-4a68-4fd1-a2ec-7d2b48a6b750	OPTIONS	/api/departments	http://localhost:4200
20250306	03:07:27	d93eaa4f-64ee-4e07-9f06-3bc51734b442	GET	/api/departments	http://localhost:4200
20250306	03:07:33	fe68193e-b457-46e0-8db7-e5ecbe807e60	OPTIONS	/api/employees	http://localhost:4200
20250306	03:07:33	5359d4f4-c2fa-486f-997b-5bda40b0c807	POST	/api/employees	http://localhost:4200
20250306	03:07:33	51bc4290-9803-4f47-9411-7edc85b4b145	GET	/api/employees	http://localhost:4200
20250306	03:07:34	103439fa-7388-413f-bc77-910dd1a4648e	OPTIONS	/api/departments	http://localhost:4200
20250306	03:07:34	d925c0a8-b4cd-4865-a397-5df13733ebe8	GET	/api/departments	http://localhost:4200
20250306	03:07:39	a28cc4a3-e294-43c9-9249-666ac9badb04	OPTIONS	/api/employees	http://localhost:4200
20250306	03:07:39	3321358a-7303-4db8-8623-f7caf7b15958	POST	/api/employees	http://localhost:4200
20250306	03:07:39	1b109203-822a-4ab4-aef6-ea23b8b2bfcb	GET	/api/employees	http://localhost:4200
20250306	03:07:41	74cce65a-5490-4d25-bbbb-dda3a6907b64	OPTIONS	/api/departments	http://localhost:4200
20250306	03:07:41	be364bdf-06fa-4dd6-b282-600f17986092	GET	/api/departments	http://localhost:4200
20250306	03:07:47	a0147f6c-1809-472e-b4a1-30055457d418	OPTIONS	/api/employees	http://localhost:4200
20250306	03:07:47	aa4f05fc-0c48-44f0-b6bf-124fb203ebc1	POST	/api/employees	http://localhost:4200
20250306	03:07:47	eee52773-6918-4c9f-91c1-53cb0aee522d	GET	/api/employees	http://localhost:4200
20250306	03:08:00	8cb1193b-ebe1-4435-8843-c6020983eedd	OPTIONS	/api/employees/search?query=name	http://localhost:4200
20250306	03:08:00	683938b8-02ed-4fbb-b418-f05999e49408	GET	/api/employees/search?query=name	http://localhost:4200
20250306	03:08:04	07a9d7e0-0d50-4dcb-9c4b-83773c5c2ce8	OPTIONS	/api/employees	http://localhost:4200
20250306	03:08:04	674d209d-b9fd-4f05-bfe3-d4a9877b2bf7	GET	/api/employees	http://localhost:4200
20250306	03:08:14	5d7a1b7e-853c-4e7a-a414-b2b9fdca6a57	OPTIONS	/api/departments	http://localhost:4200
20250306	03:08:14	edb65582-91e3-4860-a479-d73577efdcbc	GET	/api/departments	http://localhost:4200
20250306	03:11:40	962c5895-ad44-4392-93d0-1a059c7aa9de	OPTIONS	/api/departments	http://localhost:4200
20250306	03:11:40	67295761-190e-4a51-aeb8-ba351639ad03	GET	/api/departments	http://localhost:4200
20250306	03:14:01	5331f7fd-d1da-41e6-a6d3-304245582f39	OPTIONS	/api/departments	http://localhost:4200
20250306	03:14:01	9e495807-c32c-4337-892e-f19c1d6d63ac	GET	/api/departments	http://localhost:4200
20250306	03:14:12	dc22bfcc-d78d-451e-a307-84b0ae092817	OPTIONS	/api/departments	http://localhost:4200
20250306	03:14:12	3a379e04-6262-4cd4-bbe7-e2dcf2df58db	GET	/api/departments	http://localhost:4200
20250306	03:15:59	ed88facb-7438-4ddf-b896-b122f561c89d	OPTIONS	/api/employees	http://localhost:4200
20250306	03:15:59	a242750d-0505-4811-bfa1-81b6ed67a9db	GET	/api/employees	http://localhost:4200
20250306	03:16:03	889f4a68-d362-4f6c-a031-d31bc3e22186	GET	/api/employees	http://localhost:4200
20250306	03:16:08	9c26054d-92f9-46ca-afec-846a24107950	OPTIONS	/api/employees	http://localhost:4200
20250306	03:16:08	acf660c9-a723-41a1-b2d0-c6799ac29933	GET	/api/employees	http://localhost:4200
